<?xml version="1.0" encoding="UTF-8"?>
<testng-results skipped="0" failed="0" ignored="0" total="1" passed="1">
  <reporter-output>
  </reporter-output>
  <suite name="RestAssuredCoreTest.LoginTest" duration-ms="17952" started-at="2018-03-06T03:51:44Z" finished-at="2018-03-06T03:52:02Z">
    <groups>
    </groups>
    <test name="Command line test" duration-ms="17952" started-at="2018-03-06T03:51:44Z" finished-at="2018-03-06T03:52:02Z">
      <class name="RestAssuredCoreTest.LoginTest">
        <test-method status="PASS" signature="doLogin()[pri:0, instance:RestAssuredCoreTest.LoginTest@7a0ac6e3]" name="doLogin" duration-ms="17662" started-at="2018-03-05T22:51:44Z" finished-at="2018-03-05T22:52:02Z">
          <reporter-output>
          </reporter-output>
        </test-method> <!-- doLogin -->
      </class> <!-- RestAssuredCoreTest.LoginTest -->
    </test> <!-- Command line test -->
  </suite> <!-- RestAssuredCoreTest.LoginTest -->
</testng-results>
